2015-05-31 22:15:06,485 - db - INFO - DB Program started
2015-05-31 22:15:06,516 - publication - DEBUG - 
project | enum | true | true | 0
data_type | enum | true | true | 1
experiment | enum | true | true | 2
realm | enum | true | true | 3
versionnum | enum | true | true | 4
regridding | enum | true | true | 5
range | enum | true | true | 6
2015-05-31 22:15:06,517 - publication - DEBUG - ['', 'project | enum | true | true | 0', 'data_type | enum | true | true | 1', 'experiment | enum | true | true | 2', 'realm | enum | true | true | 3', 'versionnum | enum | true | true | 4', 'regridding | enum | true | true | 5', 'range | enum | true | true | 6']
2015-05-31 22:16:10,469 - publication - DEBUG - 
project | enum | true | true | 0
data_type | enum | true | true | 1
experiment | enum | true | true | 2
realm | enum | true | true | 3
versionnum | enum | true | true | 4
regridding | enum | true | true | 5
range | enum | true | true | 6
2015-05-31 22:16:10,469 - publication - DEBUG - ['', 'project | enum | true | true | 0', 'data_type | enum | true | true | 1', 'experiment | enum | true | true | 2', 'realm | enum | true | true | 3', 'versionnum | enum | true | true | 4', 'regridding | enum | true | true | 5', 'range | enum | true | true | 6']
2015-05-31 22:16:24,960 - db - INFO - DB Program started
2015-05-31 22:16:24,966 - publication - DEBUG - 
project | enum | true | true | 0
data_type | enum | true | true | 1
experiment | enum | true | true | 2
realm | enum | true | true | 3
versionnum | enum | true | true | 4
regridding | enum | true | true | 5
range | enum | true | true | 6
2015-05-31 22:16:24,966 - publication - DEBUG - ['', 'project | enum | true | true | 0', 'data_type | enum | true | true | 1', 'experiment | enum | true | true | 2', 'realm | enum | true | true | 3', 'versionnum | enum | true | true | 4', 'regridding | enum | true | true | 5', 'range | enum | true | true | 6']
2015-05-31 22:16:28,204 - publication - DEBUG - 
project | enum | true | true | 0
data_type | enum | true | true | 1
experiment | enum | true | true | 2
realm | enum | true | true | 3
versionnum | enum | true | true | 4
regridding | enum | true | true | 5
range | enum | true | true | 6
2015-05-31 22:16:28,204 - publication - DEBUG - ['', 'project | enum | true | true | 0', 'data_type | enum | true | true | 1', 'experiment | enum | true | true | 2', 'realm | enum | true | true | 3', 'versionnum | enum | true | true | 4', 'regridding | enum | true | true | 5', 'range | enum | true | true | 6']
2015-05-31 22:17:11,338 - db - INFO - DB Program started
2015-05-31 22:17:11,345 - publication - DEBUG - 
project | enum | true | true | 0
data_type | enum | true | true | 1
experiment | enum | true | true | 2
realm | enum | true | true | 3
versionnum | enum | true | true | 4
regridding | enum | true | true | 5
range | enum | true | true | 6
2015-05-31 22:17:11,346 - publication - DEBUG - ['', 'project | enum | true | true | 0', 'data_type | enum | true | true | 1', 'experiment | enum | true | true | 2', 'realm | enum | true | true | 3', 'versionnum | enum | true | true | 4', 'regridding | enum | true | true | 5', 'range | enum | true | true | 6']
2015-05-31 22:17:14,338 - publication - DEBUG - 
project | enum | true | true | 0
data_type | enum | true | true | 1
experiment | enum | true | true | 2
realm | enum | true | true | 3
versionnum | enum | true | true | 4
regridding | enum | true | true | 5
range | enum | true | true | 6
2015-05-31 22:17:14,338 - publication - DEBUG - ['', 'project | enum | true | true | 0', 'data_type | enum | true | true | 1', 'experiment | enum | true | true | 2', 'realm | enum | true | true | 3', 'versionnum | enum | true | true | 4', 'regridding | enum | true | true | 5', 'range | enum | true | true | 6']
2015-05-31 22:17:40,326 - db - INFO - DB Program started
2015-05-31 22:17:40,331 - publication - DEBUG - 
project | enum | true | true | 0
data_type | enum | true | true | 1
experiment | enum | true | true | 2
realm | enum | true | true | 3
versionnum | enum | true | true | 4
regridding | enum | true | true | 5
range | enum | true | true | 6
2015-05-31 22:17:40,332 - publication - DEBUG - ['', 'project | enum | true | true | 0', 'data_type | enum | true | true | 1', 'experiment | enum | true | true | 2', 'realm | enum | true | true | 3', 'versionnum | enum | true | true | 4', 'regridding | enum | true | true | 5', 'range | enum | true | true | 6']
2015-05-31 22:19:12,285 - db - INFO - DB Program started
2015-05-31 22:19:12,290 - publication - DEBUG - 
project | enum | true | true | 0
data_type | enum | true | true | 1
experiment | enum | true | true | 2
realm | enum | true | true | 3
versionnum | enum | true | true | 4
regridding | enum | true | true | 5
range | enum | true | true | 6
2015-05-31 22:19:12,291 - publication - DEBUG - ['', 'project | enum | true | true | 0', 'data_type | enum | true | true | 1', 'experiment | enum | true | true | 2', 'realm | enum | true | true | 3', 'versionnum | enum | true | true | 4', 'regridding | enum | true | true | 5', 'range | enum | true | true | 6']
2015-05-31 22:19:32,634 - db - INFO - DB Program started
2015-05-31 22:19:32,640 - publication - DEBUG - 
project | enum | true | true | 0
data_type | enum | true | true | 1
experiment | enum | true | true | 2
realm | enum | true | true | 3
versionnum | enum | true | true | 4
regridding | enum | true | true | 5
range | enum | true | true | 6
2015-05-31 22:19:32,640 - publication - DEBUG - ['', 'project | enum | true | true | 0', 'data_type | enum | true | true | 1', 'experiment | enum | true | true | 2', 'realm | enum | true | true | 3', 'versionnum | enum | true | true | 4', 'regridding | enum | true | true | 5', 'range | enum | true | true | 6']
2015-05-31 22:22:34,917 - db - INFO - DB Program started
2015-05-31 22:22:34,922 - publication - DEBUG - 
project | enum | true | true | 0
data_type | enum | true | true | 1
experiment | enum | true | true | 2
realm | enum | true | true | 3
versionnum | enum | true | true | 4
regridding | enum | true | true | 5
range | enum | true | true | 6
2015-05-31 22:22:34,922 - publication - DEBUG - ['', 'project | enum | true | true | 0', 'data_type | enum | true | true | 1', 'experiment | enum | true | true | 2', 'realm | enum | true | true | 3', 'versionnum | enum | true | true | 4', 'regridding | enum | true | true | 5', 'range | enum | true | true | 6']
2015-05-31 22:22:34,922 - publication - DEBUG - category_values: 
2015-05-31 22:22:34,922 - publication - DEBUG - category_values: project | enum | true | true | 0
2015-05-31 22:22:34,922 - publication - DEBUG - 	valid category
2015-05-31 22:22:34,922 - publication - DEBUG - category: project
2015-05-31 22:23:00,403 - db - INFO - DB Program started
2015-05-31 22:23:00,408 - publication - DEBUG - 
project | enum | true | true | 0
data_type | enum | true | true | 1
experiment | enum | true | true | 2
realm | enum | true | true | 3
versionnum | enum | true | true | 4
regridding | enum | true | true | 5
range | enum | true | true | 6
2015-05-31 22:23:00,408 - publication - DEBUG - ['', 'project | enum | true | true | 0', 'data_type | enum | true | true | 1', 'experiment | enum | true | true | 2', 'realm | enum | true | true | 3', 'versionnum | enum | true | true | 4', 'regridding | enum | true | true | 5', 'range | enum | true | true | 6']
2015-05-31 22:23:00,408 - publication - DEBUG - category_values: 
2015-05-31 22:23:00,408 - publication - DEBUG - category_values: project | enum | true | true | 0
2015-05-31 22:23:00,408 - publication - DEBUG - 	valid category
2015-05-31 22:23:00,408 - publication - DEBUG - category: project
2015-05-31 22:23:00,408 - publication - DEBUG - category_values: data_type | enum | true | true | 1
2015-05-31 22:23:00,408 - publication - DEBUG - 	valid category
2015-05-31 22:23:00,408 - publication - DEBUG - category: data_type
2015-05-31 22:23:00,408 - publication - DEBUG - category_values: experiment | enum | true | true | 2
2015-05-31 22:23:00,408 - publication - DEBUG - 	valid category
2015-05-31 22:23:00,408 - publication - DEBUG - category: experiment
2015-05-31 22:23:00,408 - publication - DEBUG - category_values: realm | enum | true | true | 3
2015-05-31 22:23:00,408 - publication - DEBUG - 	valid category
2015-05-31 22:23:00,408 - publication - DEBUG - category: realm
2015-05-31 22:23:00,408 - publication - DEBUG - category_values: versionnum | enum | true | true | 4
2015-05-31 22:23:00,408 - publication - DEBUG - 	valid category
2015-05-31 22:23:00,408 - publication - DEBUG - category: versionnum
2015-05-31 22:23:00,409 - publication - DEBUG - category_values: regridding | enum | true | true | 5
2015-05-31 22:23:00,409 - publication - DEBUG - 	valid category
2015-05-31 22:23:00,409 - publication - DEBUG - category: regridding
2015-05-31 22:23:00,409 - publication - DEBUG - category_values: range | enum | true | true | 6
2015-05-31 22:23:00,409 - publication - DEBUG - 	valid category
2015-05-31 22:23:00,409 - publication - DEBUG - category: range
2015-05-31 22:23:08,700 - publication - DEBUG - 
project | enum | true | true | 0
data_type | enum | true | true | 1
experiment | enum | true | true | 2
realm | enum | true | true | 3
versionnum | enum | true | true | 4
regridding | enum | true | true | 5
range | enum | true | true | 6
2015-05-31 22:23:08,700 - publication - DEBUG - ['', 'project | enum | true | true | 0', 'data_type | enum | true | true | 1', 'experiment | enum | true | true | 2', 'realm | enum | true | true | 3', 'versionnum | enum | true | true | 4', 'regridding | enum | true | true | 5', 'range | enum | true | true | 6']
2015-05-31 22:23:08,701 - publication - DEBUG - category_values: 
2015-05-31 22:23:08,701 - publication - DEBUG - category_values: project | enum | true | true | 0
2015-05-31 22:23:08,701 - publication - DEBUG - 	valid category
2015-05-31 22:23:08,701 - publication - DEBUG - category: project
2015-05-31 22:23:08,701 - publication - DEBUG - category_values: data_type | enum | true | true | 1
2015-05-31 22:23:08,701 - publication - DEBUG - 	valid category
2015-05-31 22:23:08,701 - publication - DEBUG - category: data_type
2015-05-31 22:23:08,701 - publication - DEBUG - category_values: experiment | enum | true | true | 2
2015-05-31 22:23:08,701 - publication - DEBUG - 	valid category
2015-05-31 22:23:08,701 - publication - DEBUG - category: experiment
2015-05-31 22:23:08,702 - publication - DEBUG - category_values: realm | enum | true | true | 3
2015-05-31 22:23:08,702 - publication - DEBUG - 	valid category
2015-05-31 22:23:08,702 - publication - DEBUG - category: realm
2015-05-31 22:23:08,702 - publication - DEBUG - category_values: versionnum | enum | true | true | 4
2015-05-31 22:23:08,702 - publication - DEBUG - 	valid category
2015-05-31 22:23:08,702 - publication - DEBUG - category: versionnum
2015-05-31 22:23:08,702 - publication - DEBUG - category_values: regridding | enum | true | true | 5
2015-05-31 22:23:08,702 - publication - DEBUG - 	valid category
2015-05-31 22:23:08,702 - publication - DEBUG - category: regridding
2015-05-31 22:23:08,702 - publication - DEBUG - category_values: range | enum | true | true | 6
2015-05-31 22:23:08,702 - publication - DEBUG - 	valid category
2015-05-31 22:23:08,702 - publication - DEBUG - category: range
2015-05-31 22:23:33,373 - db - INFO - DB Program started
2015-05-31 22:23:33,379 - publication - DEBUG - ['', 'project | enum | true | true | 0', 'data_type | enum | true | true | 1', 'experiment | enum | true | true | 2', 'realm | enum | true | true | 3', 'versionnum | enum | true | true | 4', 'regridding | enum | true | true | 5', 'range | enum | true | true | 6']
2015-05-31 22:23:33,379 - publication - DEBUG - 	valid category
2015-05-31 22:23:33,379 - publication - DEBUG - category: project
2015-05-31 22:23:33,379 - publication - DEBUG - 	valid category
2015-05-31 22:23:33,379 - publication - DEBUG - category: data_type
2015-05-31 22:23:33,379 - publication - DEBUG - 	valid category
2015-05-31 22:23:33,379 - publication - DEBUG - category: experiment
2015-05-31 22:23:33,379 - publication - DEBUG - 	valid category
2015-05-31 22:23:33,379 - publication - DEBUG - category: realm
2015-05-31 22:23:33,379 - publication - DEBUG - 	valid category
2015-05-31 22:23:33,379 - publication - DEBUG - category: versionnum
2015-05-31 22:23:33,379 - publication - DEBUG - 	valid category
2015-05-31 22:23:33,379 - publication - DEBUG - category: regridding
2015-05-31 22:23:33,379 - publication - DEBUG - 	valid category
2015-05-31 22:23:33,379 - publication - DEBUG - category: range
2015-05-31 22:23:42,563 - publication - DEBUG - ['', 'project | enum | true | true | 0', 'data_type | enum | true | true | 1', 'experiment | enum | true | true | 2', 'realm | enum | true | true | 3', 'versionnum | enum | true | true | 4', 'regridding | enum | true | true | 5', 'range | enum | true | true | 6']
2015-05-31 22:23:42,563 - publication - DEBUG - 	valid category
2015-05-31 22:23:42,563 - publication - DEBUG - category: project
2015-05-31 22:23:42,563 - publication - DEBUG - 	valid category
2015-05-31 22:23:42,563 - publication - DEBUG - category: data_type
2015-05-31 22:23:42,563 - publication - DEBUG - 	valid category
2015-05-31 22:23:42,563 - publication - DEBUG - category: experiment
2015-05-31 22:23:42,563 - publication - DEBUG - 	valid category
2015-05-31 22:23:42,563 - publication - DEBUG - category: realm
2015-05-31 22:23:42,563 - publication - DEBUG - 	valid category
2015-05-31 22:23:42,563 - publication - DEBUG - category: versionnum
2015-05-31 22:23:42,563 - publication - DEBUG - 	valid category
2015-05-31 22:23:42,563 - publication - DEBUG - category: regridding
2015-05-31 22:23:42,564 - publication - DEBUG - 	valid category
2015-05-31 22:23:42,564 - publication - DEBUG - category: range
2015-05-31 22:24:06,388 - db - INFO - DB Program started
2015-05-31 22:24:06,394 - publication - DEBUG - ['', 'project | enum | true | true | 0', 'data_type | enum | true | true | 1', 'experiment | enum | true | true | 2', 'realm | enum | true | true | 3', 'versionnum | enum | true | true | 4', 'regridding | enum | true | true | 5', 'range | enum | true | true | 6']
2015-05-31 22:24:06,394 - publication - DEBUG - category_values: 
2015-05-31 22:24:06,394 - publication - DEBUG - category_values: project | enum | true | true | 0
2015-05-31 22:24:06,394 - publication - DEBUG - 	valid category
2015-05-31 22:24:06,394 - publication - DEBUG - category_values: data_type | enum | true | true | 1
2015-05-31 22:24:06,394 - publication - DEBUG - 	valid category
2015-05-31 22:24:06,395 - publication - DEBUG - category_values: experiment | enum | true | true | 2
2015-05-31 22:24:06,395 - publication - DEBUG - 	valid category
2015-05-31 22:24:06,395 - publication - DEBUG - category_values: realm | enum | true | true | 3
2015-05-31 22:24:06,395 - publication - DEBUG - 	valid category
2015-05-31 22:24:06,395 - publication - DEBUG - category_values: versionnum | enum | true | true | 4
2015-05-31 22:24:06,395 - publication - DEBUG - 	valid category
2015-05-31 22:24:06,395 - publication - DEBUG - category_values: regridding | enum | true | true | 5
2015-05-31 22:24:06,395 - publication - DEBUG - 	valid category
2015-05-31 22:24:06,395 - publication - DEBUG - category_values: range | enum | true | true | 6
2015-05-31 22:24:06,395 - publication - DEBUG - 	valid category
2015-05-31 22:24:10,738 - publication - DEBUG - ['', 'project | enum | true | true | 0', 'data_type | enum | true | true | 1', 'experiment | enum | true | true | 2', 'realm | enum | true | true | 3', 'versionnum | enum | true | true | 4', 'regridding | enum | true | true | 5', 'range | enum | true | true | 6']
2015-05-31 22:24:10,738 - publication - DEBUG - category_values: 
2015-05-31 22:24:10,738 - publication - DEBUG - category_values: project | enum | true | true | 0
2015-05-31 22:24:10,738 - publication - DEBUG - 	valid category
2015-05-31 22:24:10,738 - publication - DEBUG - category_values: data_type | enum | true | true | 1
2015-05-31 22:24:10,738 - publication - DEBUG - 	valid category
2015-05-31 22:24:10,738 - publication - DEBUG - category_values: experiment | enum | true | true | 2
2015-05-31 22:24:10,738 - publication - DEBUG - 	valid category
2015-05-31 22:24:10,738 - publication - DEBUG - category_values: realm | enum | true | true | 3
2015-05-31 22:24:10,738 - publication - DEBUG - 	valid category
2015-05-31 22:24:10,738 - publication - DEBUG - category_values: versionnum | enum | true | true | 4
2015-05-31 22:24:10,739 - publication - DEBUG - 	valid category
2015-05-31 22:24:10,739 - publication - DEBUG - category_values: regridding | enum | true | true | 5
2015-05-31 22:24:10,739 - publication - DEBUG - 	valid category
2015-05-31 22:24:10,739 - publication - DEBUG - category_values: range | enum | true | true | 6
2015-05-31 22:24:10,739 - publication - DEBUG - 	valid category
2015-05-31 22:24:55,560 - db - INFO - DB Program started
2015-05-31 22:24:55,565 - publication - DEBUG - ['', 'project | enum | true | true | 0', 'data_type | enum | true | true | 1', 'experiment | enum | true | true | 2', 'realm | enum | true | true | 3', 'versionnum | enum | true | true | 4', 'regridding | enum | true | true | 5', 'range | enum | true | true | 6']
2015-05-31 22:24:55,565 - publication - DEBUG - category_values: 
2015-05-31 22:24:55,565 - publication - DEBUG - category_values: project | enum | true | true | 0
2015-05-31 22:24:55,565 - publication - DEBUG - 	valid category
2015-05-31 22:24:55,565 - publication - DEBUG - category: project
2015-05-31 22:24:55,565 - publication - DEBUG - category_values: data_type | enum | true | true | 1
2015-05-31 22:24:55,566 - publication - DEBUG - 	valid category
2015-05-31 22:24:55,566 - publication - DEBUG - category: data_type
2015-05-31 22:24:55,566 - publication - DEBUG - category_values: experiment | enum | true | true | 2
2015-05-31 22:24:55,566 - publication - DEBUG - 	valid category
2015-05-31 22:24:55,566 - publication - DEBUG - category: experiment
2015-05-31 22:24:55,566 - publication - DEBUG - category_values: realm | enum | true | true | 3
2015-05-31 22:24:55,566 - publication - DEBUG - 	valid category
2015-05-31 22:24:55,566 - publication - DEBUG - category: realm
2015-05-31 22:24:55,566 - publication - DEBUG - category_values: versionnum | enum | true | true | 4
2015-05-31 22:24:55,566 - publication - DEBUG - 	valid category
2015-05-31 22:24:55,566 - publication - DEBUG - category: versionnum
2015-05-31 22:24:55,566 - publication - DEBUG - category_values: regridding | enum | true | true | 5
2015-05-31 22:24:55,566 - publication - DEBUG - 	valid category
2015-05-31 22:24:55,566 - publication - DEBUG - category: regridding
2015-05-31 22:24:55,566 - publication - DEBUG - category_values: range | enum | true | true | 6
2015-05-31 22:24:55,566 - publication - DEBUG - 	valid category
2015-05-31 22:24:55,566 - publication - DEBUG - category: range
2015-05-31 22:25:00,574 - publication - DEBUG - ['', 'project | enum | true | true | 0', 'data_type | enum | true | true | 1', 'experiment | enum | true | true | 2', 'realm | enum | true | true | 3', 'versionnum | enum | true | true | 4', 'regridding | enum | true | true | 5', 'range | enum | true | true | 6']
2015-05-31 22:25:00,574 - publication - DEBUG - category_values: 
2015-05-31 22:25:00,574 - publication - DEBUG - category_values: project | enum | true | true | 0
2015-05-31 22:25:00,574 - publication - DEBUG - 	valid category
2015-05-31 22:25:00,574 - publication - DEBUG - category: project
2015-05-31 22:25:00,574 - publication - DEBUG - category_values: data_type | enum | true | true | 1
2015-05-31 22:25:00,574 - publication - DEBUG - 	valid category
2015-05-31 22:25:00,574 - publication - DEBUG - category: data_type
2015-05-31 22:25:00,574 - publication - DEBUG - category_values: experiment | enum | true | true | 2
2015-05-31 22:25:00,574 - publication - DEBUG - 	valid category
2015-05-31 22:25:00,574 - publication - DEBUG - category: experiment
2015-05-31 22:25:00,575 - publication - DEBUG - category_values: realm | enum | true | true | 3
2015-05-31 22:25:00,575 - publication - DEBUG - 	valid category
2015-05-31 22:25:00,575 - publication - DEBUG - category: realm
2015-05-31 22:25:00,575 - publication - DEBUG - category_values: versionnum | enum | true | true | 4
2015-05-31 22:25:00,575 - publication - DEBUG - 	valid category
2015-05-31 22:25:00,575 - publication - DEBUG - category: versionnum
2015-05-31 22:25:00,575 - publication - DEBUG - category_values: regridding | enum | true | true | 5
2015-05-31 22:25:00,576 - publication - DEBUG - 	valid category
2015-05-31 22:25:00,576 - publication - DEBUG - category: regridding
2015-05-31 22:25:00,576 - publication - DEBUG - category_values: range | enum | true | true | 6
2015-05-31 22:25:00,576 - publication - DEBUG - 	valid category
2015-05-31 22:25:00,576 - publication - DEBUG - category: range
2015-05-31 22:26:34,194 - db - INFO - DB Program started
2015-05-31 22:26:34,199 - publication - DEBUG - ['', 'project | enum | true | true | 0', 'data_type | enum | true | true | 1', 'experiment | enum | true | true | 2', 'realm | enum | true | true | 3', 'versionnum | enum | true | true | 4', 'regridding | enum | true | true | 5', 'range | enum | true | true | 6']
2015-05-31 22:26:34,200 - publication - DEBUG - category_values: 
2015-05-31 22:26:34,200 - publication - DEBUG - category_values: project | enum | true | true | 0
2015-05-31 22:26:34,200 - publication - DEBUG - 	valid category
2015-05-31 22:26:34,200 - publication - DEBUG - category_options: project_options
2015-05-31 22:26:34,200 - publication - DEBUG - category_values: data_type | enum | true | true | 1
2015-05-31 22:26:34,200 - publication - DEBUG - 	valid category
2015-05-31 22:26:34,200 - publication - DEBUG - category_options: data_type_options
2015-05-31 22:26:34,200 - publication - DEBUG - category_values: experiment | enum | true | true | 2
2015-05-31 22:26:34,200 - publication - DEBUG - 	valid category
2015-05-31 22:26:34,200 - publication - DEBUG - category_options: experiment_options
2015-05-31 22:26:34,200 - publication - DEBUG - category_values: realm | enum | true | true | 3
2015-05-31 22:26:34,200 - publication - DEBUG - 	valid category
2015-05-31 22:26:34,200 - publication - DEBUG - category_options: realm_options
2015-05-31 22:26:34,200 - publication - DEBUG - category_values: versionnum | enum | true | true | 4
2015-05-31 22:26:34,200 - publication - DEBUG - 	valid category
2015-05-31 22:26:34,200 - publication - DEBUG - category_options: versionnum_options
2015-05-31 22:26:34,200 - publication - DEBUG - category_values: regridding | enum | true | true | 5
2015-05-31 22:26:34,200 - publication - DEBUG - 	valid category
2015-05-31 22:26:34,201 - publication - DEBUG - category_options: regridding_options
2015-05-31 22:26:34,201 - publication - DEBUG - category_values: range | enum | true | true | 6
2015-05-31 22:26:34,201 - publication - DEBUG - 	valid category
2015-05-31 22:26:34,201 - publication - DEBUG - category_options: range_options
2015-05-31 22:27:04,876 - db - INFO - DB Program started
2015-05-31 22:27:04,882 - publication - DEBUG - category_options: project_options
2015-05-31 22:27:04,882 - publication - DEBUG - category_options: data_type_options
2015-05-31 22:27:04,882 - publication - DEBUG - category_options: experiment_options
2015-05-31 22:27:04,882 - publication - DEBUG - category_options: realm_options
2015-05-31 22:27:04,882 - publication - DEBUG - category_options: versionnum_options
2015-05-31 22:27:04,882 - publication - DEBUG - category_options: regridding_options
2015-05-31 22:27:04,882 - publication - DEBUG - category_options: range_options
2015-05-31 22:32:17,874 - db - INFO - DB Program started
2015-05-31 22:32:17,884 - publication - DEBUG - category_options: project_options
2015-05-31 22:32:23,367 - publication - DEBUG - category_options: project_options
2015-05-31 22:33:07,577 - db - INFO - DB Program started
2015-05-31 22:33:07,583 - publication - DEBUG - category_options: project_options
2015-05-31 22:33:07,583 - publication - DEBUG - category_options: data_type_options
2015-05-31 22:33:07,584 - publication - DEBUG - category_options: experiment_options
2015-05-31 22:33:07,584 - publication - DEBUG - category_options: realm_options
2015-05-31 22:33:07,584 - publication - DEBUG - category_options: versionnum_options
2015-05-31 22:33:07,584 - publication - DEBUG - category_options: regridding_options
2015-05-31 22:33:07,584 - publication - DEBUG - category_options: range_options
2015-05-31 22:37:53,414 - publication - DEBUG - category_options: project_options
2015-05-31 22:37:53,415 - publication - DEBUG - category_options: data_type_options
2015-05-31 22:37:53,415 - publication - DEBUG - category_options: experiment_options
2015-05-31 22:37:53,415 - publication - DEBUG - category_options: realm_options
2015-05-31 22:37:53,415 - publication - DEBUG - category_options: versionnum_options
2015-05-31 22:37:53,415 - publication - DEBUG - category_options: regridding_options
2015-05-31 22:37:53,415 - publication - DEBUG - category_options: range_options
2015-05-31 22:38:53,967 - db - INFO - DB Program started
2015-05-31 22:38:53,972 - publication - DEBUG - category_options: project_options
2015-05-31 22:38:57,229 - publication - DEBUG - category_options: project_options
2015-05-31 22:39:11,527 - db - INFO - DB Program started
2015-05-31 22:39:11,532 - publication - DEBUG - category_options: project_options
2015-05-31 22:39:44,691 - publication - DEBUG - category_options: project_options
2015-05-31 22:42:17,998 - db - INFO - DB Program started
2015-05-31 22:42:18,005 - publication - DEBUG - category_options: project_options
2015-05-31 22:44:12,544 - db - INFO - DB Program started
2015-05-31 22:44:12,550 - publication - DEBUG - category_options: project_options
2015-05-31 22:44:15,728 - publication - DEBUG - category_options: project_options
2015-05-31 22:45:30,499 - db - INFO - DB Program started
2015-05-31 22:45:30,504 - publication - DEBUG - category_options: project_options
2015-05-31 22:45:30,504 - publication - DEBUG - category_options: data_type_options
2015-05-31 22:45:30,504 - publication - DEBUG - category_options: experiment_options
2015-05-31 22:45:30,504 - publication - DEBUG - category_options: realm_options
2015-05-31 22:45:30,504 - publication - DEBUG - category_options: versionnum_options
2015-05-31 22:45:30,504 - publication - DEBUG - category_options: regridding_options
2015-05-31 22:45:30,504 - publication - DEBUG - category_options: range_options
2015-05-31 22:46:08,677 - db - INFO - DB Program started
2015-05-31 22:46:08,683 - publication - DEBUG - category_options: project_options
2015-05-31 22:46:08,683 - publication - DEBUG - category_options: data_type_options
2015-05-31 22:46:08,683 - publication - DEBUG - category_options: experiment_options
2015-05-31 22:46:08,683 - publication - DEBUG - category_options: realm_options
2015-05-31 22:46:08,684 - publication - DEBUG - category_options: versionnum_options
2015-05-31 22:46:08,684 - publication - DEBUG - category_options: regridding_options
2015-05-31 22:46:08,684 - publication - DEBUG - category_options: range_options
2015-05-31 22:55:26,861 - db - INFO - DB Program started
2015-05-31 22:55:26,876 - publication - DEBUG - category_options: project_options
2015-05-31 22:55:26,876 - publication - DEBUG - category_options: data_type_options
2015-05-31 22:55:26,876 - publication - DEBUG - category_options: experiment_options
2015-05-31 22:55:26,877 - publication - DEBUG - category_options: realm_options
2015-05-31 22:55:26,877 - publication - DEBUG - category_options: versionnum_options
2015-05-31 22:55:26,877 - publication - DEBUG - category_options: regridding_options
2015-05-31 22:55:26,877 - publication - DEBUG - category_options: range_options
2015-05-31 22:58:05,234 - db - INFO - DB Program started
2015-05-31 22:58:05,261 - publication - DEBUG - category_options: project_options
2015-05-31 22:58:05,261 - publication - DEBUG - category_options: data_type_options
2015-05-31 22:58:05,261 - publication - DEBUG - category_options: experiment_options
2015-05-31 22:58:05,261 - publication - DEBUG - category_options: realm_options
2015-05-31 22:58:05,262 - publication - DEBUG - category_options: versionnum_options
2015-05-31 22:58:05,262 - publication - DEBUG - category_options: regridding_options
2015-05-31 22:58:05,262 - publication - DEBUG - category_options: range_options
2015-05-31 22:58:13,661 - db - INFO - DB Program started
2015-05-31 22:58:13,666 - publication - DEBUG - category_options: project_options
2015-05-31 22:58:13,666 - publication - DEBUG - category_options: data_type_options
2015-05-31 22:58:13,666 - publication - DEBUG - category_options: experiment_options
2015-05-31 22:58:13,666 - publication - DEBUG - category_options: realm_options
2015-05-31 22:58:13,667 - publication - DEBUG - category_options: versionnum_options
2015-05-31 22:58:13,667 - publication - DEBUG - category_options: regridding_options
2015-05-31 22:58:13,667 - publication - DEBUG - category_options: range_options
2015-05-31 23:05:13,719 - db - INFO - DB Program started
2015-05-31 23:09:37,422 - db - INFO - DB Program started
2015-05-31 23:11:54,808 - db - INFO - DB Program started
2015-05-31 23:12:11,458 - db - INFO - DB Program started
2015-05-31 23:12:49,720 - db - INFO - DB Program started
2015-05-31 23:16:33,137 - db - INFO - DB Program started
2015-05-31 23:18:22,621 - db - INFO - DB Program started
2015-05-31 23:21:22,976 - db - INFO - DB Program started
2015-05-31 23:23:31,296 - db - INFO - DB Program started
2015-05-31 23:23:41,724 - db - INFO - DB Program started
2015-05-31 23:24:08,810 - db - INFO - DB Program started
2015-05-31 23:24:21,665 - db - INFO - DB Program started
2015-05-31 23:26:59,638 - db - INFO - DB Program started
2015-05-31 23:28:15,052 - db - INFO - DB Program started
2015-05-31 23:28:31,380 - db - INFO - DB Program started
2015-05-31 23:28:41,640 - db - INFO - DB Program started
2015-05-31 23:29:12,108 - db - INFO - DB Program started
2015-05-31 23:29:31,234 - db - INFO - DB Program started
2015-05-31 23:29:48,443 - db - INFO - DB Program started
2015-05-31 23:30:43,957 - db - INFO - DB Program started
2015-05-31 23:31:13,261 - db - INFO - DB Program started
2015-05-31 23:31:28,212 - db - INFO - DB Program started
2015-05-31 23:31:35,557 - db - INFO - DB Program started
2015-05-31 23:32:52,823 - db - INFO - DB Program started
2015-05-31 23:33:05,223 - db - INFO - DB Program started
2015-05-31 23:33:58,367 - db - INFO - DB Program started
2015-05-31 23:34:09,309 - db - INFO - DB Program started
2015-05-31 23:34:22,531 - db - INFO - DB Program started
2015-05-31 23:37:30,031 - db - INFO - DB Program started
2015-05-31 23:51:19,800 - db - INFO - DB Program started
2015-05-31 23:52:09,748 - db - INFO - DB Program started
2015-05-31 23:53:31,264 - db - INFO - DB Program started
2015-05-31 23:54:24,890 - db - INFO - DB Program started
2015-06-01 00:01:41,854 - db - INFO - DB Program started
2015-06-01 00:02:48,025 - db - INFO - DB Program started
2015-06-01 00:04:51,911 - db - INFO - DB Program started
2015-06-01 00:05:21,013 - db - INFO - DB Program started
2015-06-01 00:07:00,098 - db - INFO - DB Program started
2015-06-01 00:07:38,900 - db - INFO - DB Program started
2015-06-01 00:12:06,841 - db - INFO - DB Program started
2015-06-01 00:13:48,166 - db - INFO - DB Program started
2015-06-01 00:17:34,353 - db - INFO - DB Program started
2015-06-01 00:18:12,066 - db - INFO - DB Program started
2015-06-01 00:18:42,809 - db - INFO - DB Program started
2015-06-01 00:19:31,914 - db - INFO - DB Program started
2015-06-01 00:20:13,178 - db - INFO - DB Program started
2015-06-01 00:21:26,915 - db - INFO - DB Program started
2015-06-01 00:21:53,983 - db - INFO - DB Program started
2015-06-01 00:23:06,546 - db - INFO - DB Program started
2015-06-01 00:23:31,330 - db - INFO - DB Program started
2015-06-01 00:24:16,491 - db - INFO - DB Program started
2015-06-01 00:35:26,593 - db - INFO - DB Program started
2015-06-01 00:37:06,039 - db - INFO - DB Program started
2015-06-01 00:38:15,363 - db - INFO - DB Program started
2015-06-01 00:39:43,808 - db - INFO - DB Program started
2015-06-01 00:41:25,663 - db - INFO - DB Program started
2015-06-01 00:43:23,112 - db - INFO - DB Program started
2015-06-01 00:43:34,444 - db - INFO - DB Program started
2015-06-01 00:43:54,016 - db - INFO - DB Program started
2015-06-01 00:44:04,560 - db - INFO - DB Program started
2015-06-01 00:44:27,566 - db - INFO - DB Program started
2015-06-01 00:44:41,413 - db - INFO - DB Program started
2015-06-01 00:44:47,806 - db - INFO - DB Program started
2015-06-01 00:44:56,150 - db - INFO - DB Program started
2015-06-01 00:47:15,941 - db - INFO - DB Program started
2015-06-01 00:47:58,311 - db - INFO - DB Program started
2015-06-01 13:39:50,574 - db - INFO - DB Program started
2015-06-01 13:51:07,625 - db - INFO - DB Program started
2015-06-01 13:52:25,214 - db - INFO - DB Program started
2015-06-01 13:54:52,741 - db - INFO - DB Program started
2015-06-01 13:55:06,764 - db - INFO - DB Program started
2015-06-01 13:55:14,247 - db - INFO - DB Program started
2015-06-01 13:55:27,680 - db - INFO - DB Program started
2015-06-01 13:55:47,175 - db - INFO - DB Program started
2015-06-01 13:58:08,359 - db - INFO - DB Program started
2015-06-01 13:58:17,940 - db - INFO - DB Program started
2015-06-01 13:58:42,510 - db - INFO - DB Program started
2015-06-01 13:59:07,021 - db - INFO - DB Program started
2015-06-01 14:04:15,746 - db - INFO - DB Program started
2015-06-01 14:16:21,687 - db - INFO - DB Program started
2015-06-01 15:03:56,853 - db - INFO - DB Program started
2015-06-01 15:09:04,264 - db - INFO - DB Program started
2015-06-01 15:10:35,839 - db - INFO - DB Program started
2015-06-01 15:11:49,016 - db - INFO - DB Program started
2015-06-01 15:17:39,302 - db - INFO - DB Program started
2015-06-01 15:18:33,728 - db - INFO - DB Program started
2015-06-01 15:20:11,469 - db - INFO - DB Program started
2015-06-01 15:23:07,005 - db - INFO - DB Program started
2015-06-01 15:24:45,107 - db - INFO - DB Program started
2015-06-01 15:27:14,877 - db - INFO - DB Program started
2015-06-01 15:29:42,055 - db - INFO - DB Program started
2015-06-01 15:30:29,487 - db - INFO - DB Program started
2015-06-01 15:31:44,612 - db - INFO - DB Program started
2015-06-01 15:37:17,236 - db - INFO - DB Program started
2015-06-01 15:44:44,069 - db - INFO - DB Program started
2015-06-01 15:44:44,071 - publication - DEBUG - facet: experiment
2015-06-01 15:44:44,071 - publication - DEBUG - old_facet_values: ACME | B1851C5e1_ne30 | experiment ne30 C5
ACME | B1850C5_ne30gx1_tuning | experiment ne30
ACME | B1850C5e1_ne30 | experiment ne30 C5
ACME | B1850C5e1_ne30 | experiment ne30 C6
2015-06-01 15:44:44,071 - publication - DEBUG - old_facet_values: ['ACME | B1851C5e1_ne30 | experiment ne30 C5', 'ACME | B1850C5_ne30gx1_tuning | experiment ne30', 'ACME | B1850C5e1_ne30 | experiment ne30 C5', 'ACME | B1850C5e1_ne30 | experiment ne30 C6']
2015-06-01 15:44:44,071 - publication - DEBUG - new_facet_values: ['ACME | B1851C5e1_ne30 | experiment ne30 C5']
2015-06-01 15:44:44,071 - publication - DEBUG - appended list: ['ACME | B1851C5e1_ne30 | experiment ne30 C5', 'ACME | B1850C5e1_ne30 | experiment ne30 C6', 'ACME | B1850C5e1_ne30 | experiment ne30 C5', 'ACME | B1850C5_ne30gx1_tuning | experiment ne30']
2015-06-01 15:44:44,071 - publication - DEBUG - ACME | B1851C5e1_ne30 | experiment ne30 C5
ACME | B1850C5e1_ne30 | experiment ne30 C6
ACME | B1850C5e1_ne30 | experiment ne30 C5
ACME | B1850C5_ne30gx1_tuning | experiment ne30
2015-06-01 17:13:40,611 - db - INFO - DB Program started
2015-06-01 17:18:35,443 - publication - DEBUG - category_options: project_options
2015-06-01 17:18:45,432 - publication - DEBUG - category_options: project_options
2015-06-01 17:20:27,744 - db - INFO - DB Program started
2015-06-01 17:20:27,746 - publication - DEBUG - category_values: 
2015-06-01 17:20:27,746 - publication - DEBUG - category_values: project | enum | true | true | 0
2015-06-01 17:20:27,746 - publication - DEBUG - category_options: project_options
2015-06-01 17:22:50,761 - db - INFO - DB Program started
2015-06-01 17:22:50,763 - publication - DEBUG - category_values: 
2015-06-01 17:22:50,764 - publication - DEBUG - category_values: project | enum | true | true | 0
2015-06-01 17:22:50,764 - publication - DEBUG - category_options: project_options
2015-06-01 17:22:50,764 - publication - DEBUG - category_values: data_type | enum | true | true | 1
2015-06-01 17:22:50,764 - publication - DEBUG - category_options: data_type_options
2015-06-01 17:22:50,764 - publication - DEBUG - category_values: experiment | enum | true | true | 2
2015-06-01 17:22:50,764 - publication - DEBUG - category_options: experiment_options
2015-06-01 17:22:50,764 - publication - DEBUG - category_values: realm | enum | true | true | 3
2015-06-01 17:22:50,764 - publication - DEBUG - category_options: realm_options
2015-06-01 17:22:50,764 - publication - DEBUG - category_values: versionnum | enum | true | true | 4
2015-06-01 17:22:50,765 - publication - DEBUG - category_options: versionnum_options
2015-06-01 17:22:50,765 - publication - DEBUG - category_values: regridding | enum | true | true | 5
2015-06-01 17:22:50,765 - publication - DEBUG - category_options: regridding_options
2015-06-01 17:22:50,765 - publication - DEBUG - category_values: range | enum | true | true | 6
2015-06-01 17:22:50,765 - publication - DEBUG - category_options: range_options
2015-06-01 17:22:56,980 - publication - DEBUG - category_values: 
2015-06-01 17:22:56,980 - publication - DEBUG - category_values: project | enum | true | true | 0
2015-06-01 17:22:56,980 - publication - DEBUG - category_options: project_options
2015-06-01 17:22:56,980 - publication - DEBUG - category_values: data_type | enum | true | true | 1
2015-06-01 17:22:56,980 - publication - DEBUG - category_options: data_type_options
2015-06-01 17:22:56,980 - publication - DEBUG - category_values: experiment | enum | true | true | 2
2015-06-01 17:22:56,980 - publication - DEBUG - category_options: experiment_options
2015-06-01 17:22:56,981 - publication - DEBUG - category_values: realm | enum | true | true | 3
2015-06-01 17:22:56,981 - publication - DEBUG - category_options: realm_options
2015-06-01 17:22:56,981 - publication - DEBUG - category_values: versionnum | enum | true | true | 4
2015-06-01 17:22:56,981 - publication - DEBUG - category_options: versionnum_options
2015-06-01 17:22:56,981 - publication - DEBUG - category_values: regridding | enum | true | true | 5
2015-06-01 17:22:56,982 - publication - DEBUG - category_options: regridding_options
2015-06-01 17:22:56,982 - publication - DEBUG - category_values: range | enum | true | true | 6
2015-06-01 17:22:56,982 - publication - DEBUG - category_options: range_options
2015-06-01 17:23:11,456 - db - INFO - DB Program started
2015-06-01 17:23:11,458 - publication - DEBUG - category_values: 
2015-06-01 17:23:11,458 - publication - DEBUG - category_values: project | enum | true | true | 0
2015-06-01 17:23:11,458 - publication - DEBUG - category_options: project_options
2015-06-01 17:23:11,458 - publication - DEBUG - category_values: data_type | enum | true | true | 1
2015-06-01 17:23:11,458 - publication - DEBUG - category_options: data_type_options
2015-06-01 17:23:11,458 - publication - DEBUG - category_values: experiment | enum | true | true | 2
2015-06-01 17:23:11,458 - publication - DEBUG - category_options: experiment_options
2015-06-01 17:23:11,458 - publication - DEBUG - category_values: realm | enum | true | true | 3
2015-06-01 17:23:11,458 - publication - DEBUG - category_options: realm_options
2015-06-01 17:23:11,459 - publication - DEBUG - category_values: versionnum | enum | true | true | 4
2015-06-01 17:23:11,459 - publication - DEBUG - category_options: versionnum_options
2015-06-01 17:23:11,459 - publication - DEBUG - category_values: regridding | enum | true | true | 5
2015-06-01 17:23:11,459 - publication - DEBUG - category_options: regridding_options
2015-06-01 17:23:11,459 - publication - DEBUG - category_values: range | enum | true | true | 6
2015-06-01 17:23:11,459 - publication - DEBUG - category_options: range_options
2015-06-01 17:26:39,824 - publication - DEBUG - category_values: 
2015-06-01 17:26:39,824 - publication - DEBUG - category_values: project | enum | true | true | 0
2015-06-01 17:26:39,824 - publication - DEBUG - category_options: project_options
2015-06-01 17:26:39,824 - publication - DEBUG - category_values: data_type | enum | true | true | 1
2015-06-01 17:26:39,824 - publication - DEBUG - category_options: data_type_options
2015-06-01 17:26:39,825 - publication - DEBUG - category_values: experiment | enum | true | true | 2
2015-06-01 17:26:39,825 - publication - DEBUG - category_options: experiment_options
2015-06-01 17:26:39,825 - publication - DEBUG - category_values: realm | enum | true | true | 3
2015-06-01 17:26:39,825 - publication - DEBUG - category_options: realm_options
2015-06-01 17:26:39,825 - publication - DEBUG - category_values: versionnum | enum | true | true | 4
2015-06-01 17:26:39,825 - publication - DEBUG - category_options: versionnum_options
2015-06-01 17:26:39,825 - publication - DEBUG - category_values: regridding | enum | true | true | 5
2015-06-01 17:26:39,825 - publication - DEBUG - category_options: regridding_options
2015-06-01 17:26:39,825 - publication - DEBUG - category_values: range | enum | true | true | 6
2015-06-01 17:26:39,825 - publication - DEBUG - category_options: range_options
2015-06-01 17:27:48,451 - publication - DEBUG - category_values: 
2015-06-01 17:27:48,460 - publication - DEBUG - category_values: project | enum | true | true | 0
2015-06-01 17:27:48,461 - publication - DEBUG - category_options: project_options
2015-06-01 17:27:48,461 - publication - DEBUG - category_values: data_type | enum | true | true | 1
2015-06-01 17:27:48,461 - publication - DEBUG - category_options: data_type_options
2015-06-01 17:27:48,461 - publication - DEBUG - category_values: experiment | enum | true | true | 2
2015-06-01 17:27:48,462 - publication - DEBUG - category_options: experiment_options
2015-06-01 17:27:48,462 - publication - DEBUG - category_values: realm | enum | true | true | 3
2015-06-01 17:27:48,462 - publication - DEBUG - category_options: realm_options
2015-06-01 17:27:48,462 - publication - DEBUG - category_values: versionnum | enum | true | true | 4
2015-06-01 17:27:48,462 - publication - DEBUG - category_options: versionnum_options
2015-06-01 17:27:48,462 - publication - DEBUG - category_values: regridding | enum | true | true | 5
2015-06-01 17:27:48,462 - publication - DEBUG - category_options: regridding_options
2015-06-01 17:27:48,462 - publication - DEBUG - category_values: range | enum | true | true | 6
2015-06-01 17:27:48,462 - publication - DEBUG - category_options: range_options
2015-06-01 18:00:05,698 - db - INFO - DB Program started
2015-06-01 18:01:49,949 - db - INFO - DB Program started
2015-06-01 18:03:43,947 - db - INFO - DB Program started
2015-06-01 18:05:00,641 - db - INFO - DB Program started
2015-06-01 18:06:04,357 - db - INFO - DB Program started
2015-06-01 18:06:04,358 - publication - DEBUG - category_values: 
2015-06-01 18:06:04,358 - publication - DEBUG - category_values: project | enum | true | true | 0
2015-06-01 18:06:04,358 - publication - DEBUG - category_options: project_options
2015-06-01 18:06:04,358 - publication - DEBUG - category_values: data_type | enum | true | true | 1
2015-06-01 18:06:04,358 - publication - DEBUG - category_options: data_type_options
2015-06-01 18:06:04,358 - publication - DEBUG - category_values: experiment | enum | true | true | 2
2015-06-01 18:06:04,358 - publication - DEBUG - category_options: experiment_options
2015-06-01 18:06:04,358 - publication - DEBUG - category_values: realm | enum | true | true | 3
2015-06-01 18:06:04,358 - publication - DEBUG - category_options: realm_options
2015-06-01 18:06:04,359 - publication - DEBUG - category_values: versionnum | enum | true | true | 4
2015-06-01 18:06:04,359 - publication - DEBUG - category_options: versionnum_options
2015-06-01 18:06:04,359 - publication - DEBUG - category_values: regridding | enum | true | true | 5
2015-06-01 18:06:04,359 - publication - DEBUG - category_options: regridding_options
2015-06-01 18:06:04,359 - publication - DEBUG - category_values: range | enum | true | true | 6
2015-06-01 18:06:04,359 - publication - DEBUG - category_options: range_options
2015-06-01 18:14:39,118 - db - INFO - DB Program started
2015-06-01 18:16:18,226 - db - INFO - DB Program started
2015-06-01 18:16:18,252 - publication - DEBUG - facet: range
2015-06-01 18:16:18,252 - publication - DEBUG - old_facet_values: all
2015-06-01 18:16:18,252 - publication - DEBUG - old_facet_values: ['all']
2015-06-01 18:16:18,253 - publication - DEBUG - new_facet_values: ['all', '10-19']
2015-06-01 18:16:18,253 - publication - DEBUG - appended list: ['all', '10-19']
2015-06-01 18:16:18,253 - publication - DEBUG - a,h,dd,h1,climo,h0
2015-06-01 18:21:28,161 - db - INFO - DB Program started
2015-06-01 18:21:28,208 - publication - DEBUG - facet: range
2015-06-01 18:21:28,209 - publication - DEBUG - old_facet_values: all,10-19
2015-06-01 18:21:28,209 - publication - DEBUG - old_facet_values: ['all', '10-19']
2015-06-01 18:21:28,209 - publication - DEBUG - new_facet_values: ['all', '10-19']
2015-06-01 18:21:28,209 - publication - DEBUG - appended list: ['all', '10-19']
2015-06-01 18:21:28,209 - publication - DEBUG - a,h,dd,h1,climo,h0
2015-06-01 18:24:39,485 - db - INFO - DB Program started
2015-06-01 18:24:39,534 - publication - DEBUG - facet: range
2015-06-01 18:24:39,534 - publication - DEBUG - old_facet_values: all,10-19
2015-06-01 18:24:39,534 - publication - DEBUG - old_facet_values: ['all', '10-19']
2015-06-01 18:24:39,534 - publication - DEBUG - new_facet_values: ['all', '10-19']
2015-06-01 18:24:39,534 - publication - DEBUG - appended list: ['all', '10-19']
2015-06-01 18:24:39,535 - publication - DEBUG - a,h,dd,h1,climo,h0
2015-06-01 18:24:53,880 - publication - DEBUG - facet: range
2015-06-01 18:24:53,880 - publication - DEBUG - old_facet_values: all,10-19
2015-06-01 18:24:53,880 - publication - DEBUG - old_facet_values: ['all', '10-19']
2015-06-01 18:24:53,880 - publication - DEBUG - new_facet_values: ['all', '10-19']
2015-06-01 18:24:53,880 - publication - DEBUG - appended list: ['all', '10-19']
2015-06-01 18:24:53,880 - publication - DEBUG - a,h,dd,h1,climo,h0
2015-06-01 18:24:59,830 - publication - DEBUG - category_values: 
2015-06-01 18:24:59,830 - publication - DEBUG - category_values: project | enum | true | true | 0
2015-06-01 18:24:59,830 - publication - DEBUG - category_options: project_options
2015-06-01 18:24:59,830 - publication - DEBUG - str: []
2015-06-01 18:24:59,830 - publication - DEBUG - category_values: data_type | enum | true | true | 1
2015-06-01 18:24:59,830 - publication - DEBUG - category_options: data_type_options
2015-06-01 18:24:59,830 - publication - DEBUG - category: data_type options: a,h,dd,h1,climo,h0
2015-06-01 18:24:59,831 - publication - DEBUG - category_values: experiment | enum | true | true | 2
2015-06-01 18:24:59,831 - publication - DEBUG - category_options: experiment_options
2015-06-01 18:24:59,831 - publication - DEBUG - category_values: realm | enum | true | true | 3
2015-06-01 18:24:59,831 - publication - DEBUG - category_options: realm_options
2015-06-01 18:24:59,831 - publication - DEBUG - category: realm options: atm,ice,lnd,ocn,all,ATM,lndice
2015-06-01 18:24:59,831 - publication - DEBUG - category_values: versionnum | enum | true | true | 4
2015-06-01 18:24:59,831 - publication - DEBUG - category_options: versionnum_options
2015-06-01 18:24:59,831 - publication - DEBUG - category: versionnum options: v0_1,v01,HIGHRES,pre-v0
2015-06-01 18:24:59,831 - publication - DEBUG - category_values: regridding | enum | true | true | 5
2015-06-01 18:24:59,831 - publication - DEBUG - category_options: regridding_options
2015-06-01 18:24:59,831 - publication - DEBUG - category: regridding options: bilinear,downscaled,native,fv257x512
2015-06-01 18:24:59,831 - publication - DEBUG - category_values: range | enum | true | true | 6
2015-06-01 18:24:59,831 - publication - DEBUG - category_options: range_options
2015-06-01 18:24:59,831 - publication - DEBUG - category: range options: all,10-19
2015-06-01 18:25:11,656 - publication - DEBUG - category_values: 
2015-06-01 18:25:11,656 - publication - DEBUG - category_values: project | enum | true | true | 0
2015-06-01 18:25:11,656 - publication - DEBUG - category_options: project_options
2015-06-01 18:25:11,656 - publication - DEBUG - str: []
2015-06-01 18:25:11,656 - publication - DEBUG - category_values: data_type | enum | true | true | 1
2015-06-01 18:25:11,657 - publication - DEBUG - category_options: data_type_options
2015-06-01 18:25:11,657 - publication - DEBUG - category: data_type options: a,h,dd,h1,climo,h0
2015-06-01 18:25:11,657 - publication - DEBUG - category_values: experiment | enum | true | true | 2
2015-06-01 18:25:11,657 - publication - DEBUG - category_options: experiment_options
2015-06-01 18:25:11,657 - publication - DEBUG - category_values: realm | enum | true | true | 3
2015-06-01 18:25:11,657 - publication - DEBUG - category_options: realm_options
2015-06-01 18:25:11,657 - publication - DEBUG - category: realm options: atm,ice,lnd,ocn,all,ATM,lndice
2015-06-01 18:25:11,657 - publication - DEBUG - category_values: versionnum | enum | true | true | 4
2015-06-01 18:25:11,657 - publication - DEBUG - category_options: versionnum_options
2015-06-01 18:25:11,657 - publication - DEBUG - category: versionnum options: v0_1,v01,HIGHRES,pre-v0
2015-06-01 18:25:11,657 - publication - DEBUG - category_values: regridding | enum | true | true | 5
2015-06-01 18:25:11,657 - publication - DEBUG - category_options: regridding_options
2015-06-01 18:25:11,657 - publication - DEBUG - category: regridding options: bilinear,downscaled,native,fv257x512
2015-06-01 18:25:11,657 - publication - DEBUG - category_values: range | enum | true | true | 6
2015-06-01 18:25:11,657 - publication - DEBUG - category_options: range_options
2015-06-01 18:25:11,657 - publication - DEBUG - category: range options: all,10-19
2015-06-01 18:36:05,081 - db - INFO - DB Program started
2015-06-01 18:36:05,113 - publication - DEBUG - category_values: 
2015-06-01 18:36:05,113 - publication - DEBUG - category_values: project | enum | true | true | 0
2015-06-01 18:36:05,113 - publication - DEBUG - category_options: project_options
2015-06-01 18:36:05,113 - publication - DEBUG - str: []
2015-06-01 18:36:05,113 - publication - DEBUG - category_values: data_type | enum | true | true | 1
2015-06-01 18:36:05,113 - publication - DEBUG - category_options: data_type_options
2015-06-01 18:36:05,114 - publication - DEBUG - category: data_type options: a,h,dd,h1,climo,h0
2015-06-01 18:36:05,114 - publication - DEBUG - category_values: experiment | enum | true | true | 2
2015-06-01 18:36:05,114 - publication - DEBUG - category_options: experiment_options
2015-06-01 18:36:05,114 - publication - DEBUG - category_values: realm | enum | true | true | 3
2015-06-01 18:36:05,114 - publication - DEBUG - category_options: realm_options
2015-06-01 18:36:05,114 - publication - DEBUG - category: realm options: atm,ice,lnd,ocn,all,ATM,lndice
2015-06-01 18:36:05,114 - publication - DEBUG - category_values: versionnum | enum | true | true | 4
2015-06-01 18:36:05,114 - publication - DEBUG - category_options: versionnum_options
2015-06-01 18:36:05,114 - publication - DEBUG - category: versionnum options: v0_1,v01,HIGHRES,pre-v0
2015-06-01 18:36:05,114 - publication - DEBUG - category_values: regridding | enum | true | true | 5
2015-06-01 18:36:05,114 - publication - DEBUG - category_options: regridding_options
2015-06-01 18:36:05,114 - publication - DEBUG - category: regridding options: bilinear,downscaled,native,fv257x512
2015-06-01 18:36:05,114 - publication - DEBUG - category_values: range | enum | true | true | 6
2015-06-01 18:36:05,115 - publication - DEBUG - category_options: range_options
2015-06-01 18:36:05,115 - publication - DEBUG - category: range options: all,10-19
2015-06-01 18:36:16,992 - publication - DEBUG - category_values: 
2015-06-01 18:36:16,992 - publication - DEBUG - category_values: project | enum | true | true | 0
2015-06-01 18:36:16,992 - publication - DEBUG - category_options: project_options
2015-06-01 18:36:16,993 - publication - DEBUG - str: []
2015-06-01 18:36:16,993 - publication - DEBUG - category_values: data_type | enum | true | true | 1
2015-06-01 18:36:16,993 - publication - DEBUG - category_options: data_type_options
2015-06-01 18:36:16,993 - publication - DEBUG - category: data_type options: a,h,dd,h1,climo,h0
2015-06-01 18:36:16,993 - publication - DEBUG - category_values: experiment | enum | true | true | 2
2015-06-01 18:36:16,993 - publication - DEBUG - category_options: experiment_options
2015-06-01 18:36:16,993 - publication - DEBUG - category_values: realm | enum | true | true | 3
2015-06-01 18:36:16,993 - publication - DEBUG - category_options: realm_options
2015-06-01 18:36:16,993 - publication - DEBUG - category: realm options: atm,ice,lnd,ocn,all,ATM,lndice
2015-06-01 18:36:16,993 - publication - DEBUG - category_values: versionnum | enum | true | true | 4
2015-06-01 18:36:16,993 - publication - DEBUG - category_options: versionnum_options
2015-06-01 18:36:16,993 - publication - DEBUG - category: versionnum options: v0_1,v01,HIGHRES,pre-v0
2015-06-01 18:36:16,993 - publication - DEBUG - category_values: regridding | enum | true | true | 5
2015-06-01 18:36:16,993 - publication - DEBUG - category_options: regridding_options
2015-06-01 18:36:16,993 - publication - DEBUG - category: regridding options: bilinear,downscaled,native,fv257x512
2015-06-01 18:36:16,993 - publication - DEBUG - category_values: range | enum | true | true | 6
2015-06-01 18:36:16,993 - publication - DEBUG - category_options: range_options
2015-06-01 18:36:16,993 - publication - DEBUG - category: range options: all,10-19
